mode: atomic
github.com/almondoo/wire/wire.go:58.41,60.2 1 0
github.com/almondoo/wire/wire.go:89.35,91.2 1 0
github.com/almondoo/wire/wire.go:113.42,115.2 1 0
github.com/almondoo/wire/wire.go:130.39,132.2 1 0
github.com/almondoo/wire/wire.go:142.67,144.2 1 0
github.com/almondoo/wire/wire.go:165.74,167.2 1 0
github.com/almondoo/wire/wire.go:194.74,196.2 1 0
github.com/almondoo/wire/cmd/wire/main.go:40.13,69.62 13 0
github.com/almondoo/wire/cmd/wire/main.go:69.62,72.3 2 0
github.com/almondoo/wire/cmd/wire/main.go:73.2,73.57 1 0
github.com/almondoo/wire/cmd/wire/main.go:78.41,80.20 2 9
github.com/almondoo/wire/cmd/wire/main.go:80.20,82.3 1 1
github.com/almondoo/wire/cmd/wire/main.go:83.2,83.13 1 9
github.com/almondoo/wire/cmd/wire/main.go:88.75,90.22 2 7
github.com/almondoo/wire/cmd/wire/main.go:90.22,93.17 3 2
github.com/almondoo/wire/cmd/wire/main.go:93.17,95.4 1 1
github.com/almondoo/wire/cmd/wire/main.go:97.2,97.18 1 6
github.com/almondoo/wire/cmd/wire/main.go:106.30,106.46 1 1
github.com/almondoo/wire/cmd/wire/main.go:107.34,109.2 1 1
github.com/almondoo/wire/cmd/wire/main.go:110.31,117.2 1 1
github.com/almondoo/wire/cmd/wire/main.go:118.46,122.2 3 4
github.com/almondoo/wire/cmd/wire/main.go:124.110,126.16 2 3
github.com/almondoo/wire/cmd/wire/main.go:126.16,129.3 2 0
github.com/almondoo/wire/cmd/wire/main.go:130.2,131.16 2 3
github.com/almondoo/wire/cmd/wire/main.go:131.16,134.3 2 0
github.com/almondoo/wire/cmd/wire/main.go:136.2,140.19 4 3
github.com/almondoo/wire/cmd/wire/main.go:140.19,144.3 3 0
github.com/almondoo/wire/cmd/wire/main.go:145.2,145.20 1 3
github.com/almondoo/wire/cmd/wire/main.go:145.20,147.3 1 0
github.com/almondoo/wire/cmd/wire/main.go:148.2,149.27 2 3
github.com/almondoo/wire/cmd/wire/main.go:149.27,150.24 1 3
github.com/almondoo/wire/cmd/wire/main.go:150.24,154.4 3 0
github.com/almondoo/wire/cmd/wire/main.go:155.3,155.28 1 3
github.com/almondoo/wire/cmd/wire/main.go:155.28,157.12 1 3
github.com/almondoo/wire/cmd/wire/main.go:159.3,159.38 1 0
github.com/almondoo/wire/cmd/wire/main.go:159.38,161.4 1 0
github.com/almondoo/wire/cmd/wire/main.go:161.9,164.4 2 0
github.com/almondoo/wire/cmd/wire/main.go:166.2,166.14 1 3
github.com/almondoo/wire/cmd/wire/main.go:166.14,169.3 2 0
github.com/almondoo/wire/cmd/wire/main.go:170.2,170.32 1 3
github.com/almondoo/wire/cmd/wire/main.go:178.31,178.48 1 1
github.com/almondoo/wire/cmd/wire/main.go:179.35,181.2 1 1
github.com/almondoo/wire/cmd/wire/main.go:182.32,193.2 1 1
github.com/almondoo/wire/cmd/wire/main.go:194.47,197.2 2 2
github.com/almondoo/wire/cmd/wire/main.go:198.111,204.16 3 1
github.com/almondoo/wire/cmd/wire/main.go:204.16,207.3 2 0
github.com/almondoo/wire/cmd/wire/main.go:208.2,209.16 2 1
github.com/almondoo/wire/cmd/wire/main.go:209.16,212.3 2 0
github.com/almondoo/wire/cmd/wire/main.go:214.2,217.19 3 1
github.com/almondoo/wire/cmd/wire/main.go:217.19,221.3 3 0
github.com/almondoo/wire/cmd/wire/main.go:222.2,222.20 1 1
github.com/almondoo/wire/cmd/wire/main.go:222.20,224.3 1 0
github.com/almondoo/wire/cmd/wire/main.go:225.2,227.27 3 1
github.com/almondoo/wire/cmd/wire/main.go:227.27,228.24 1 1
github.com/almondoo/wire/cmd/wire/main.go:228.24,232.4 3 0
github.com/almondoo/wire/cmd/wire/main.go:233.3,233.28 1 1
github.com/almondoo/wire/cmd/wire/main.go:233.28,235.12 1 1
github.com/almondoo/wire/cmd/wire/main.go:238.3,242.18 2 0
github.com/almondoo/wire/cmd/wire/main.go:242.18,243.18 1 0
github.com/almondoo/wire/cmd/wire/main.go:243.18,247.5 2 0
github.com/almondoo/wire/cmd/wire/main.go:248.9,251.4 2 0
github.com/almondoo/wire/cmd/wire/main.go:253.2,253.14 1 1
github.com/almondoo/wire/cmd/wire/main.go:253.14,256.3 2 0
github.com/almondoo/wire/cmd/wire/main.go:257.2,257.13 1 1
github.com/almondoo/wire/cmd/wire/main.go:257.13,259.3 1 0
github.com/almondoo/wire/cmd/wire/main.go:260.2,260.32 1 1
github.com/almondoo/wire/cmd/wire/main.go:267.31,267.48 1 1
github.com/almondoo/wire/cmd/wire/main.go:268.35,270.2 1 1
github.com/almondoo/wire/cmd/wire/main.go:271.32,281.2 1 1
github.com/almondoo/wire/cmd/wire/main.go:282.47,284.2 1 2
github.com/almondoo/wire/cmd/wire/main.go:285.111,287.16 2 1
github.com/almondoo/wire/cmd/wire/main.go:287.16,290.3 2 0
github.com/almondoo/wire/cmd/wire/main.go:291.2,292.17 2 1
github.com/almondoo/wire/cmd/wire/main.go:292.17,294.28 2 1
github.com/almondoo/wire/cmd/wire/main.go:294.28,296.4 1 0
github.com/almondoo/wire/cmd/wire/main.go:297.3,297.40 1 1
github.com/almondoo/wire/cmd/wire/main.go:297.40,298.48 1 0
github.com/almondoo/wire/cmd/wire/main.go:298.48,300.5 1 0
github.com/almondoo/wire/cmd/wire/main.go:301.4,301.50 1 0
github.com/almondoo/wire/cmd/wire/main.go:303.3,303.26 1 1
github.com/almondoo/wire/cmd/wire/main.go:303.26,304.13 1 0
github.com/almondoo/wire/cmd/wire/main.go:304.13,306.5 1 0
github.com/almondoo/wire/cmd/wire/main.go:307.4,309.41 3 0
github.com/almondoo/wire/cmd/wire/main.go:309.41,311.5 1 0
github.com/almondoo/wire/cmd/wire/main.go:312.4,312.29 1 0
github.com/almondoo/wire/cmd/wire/main.go:312.29,315.68 3 0
github.com/almondoo/wire/cmd/wire/main.go:315.68,316.27 1 0
github.com/almondoo/wire/cmd/wire/main.go:317.26,318.44 1 0
github.com/almondoo/wire/cmd/wire/main.go:319.23,320.44 1 0
github.com/almondoo/wire/cmd/wire/main.go:321.23,322.44 1 0
github.com/almondoo/wire/cmd/wire/main.go:323.14,324.27 1 0
github.com/almondoo/wire/cmd/wire/main.go:327.5,327.36 1 0
github.com/almondoo/wire/cmd/wire/main.go:327.36,330.6 2 0
github.com/almondoo/wire/cmd/wire/main.go:333.3,333.30 1 1
github.com/almondoo/wire/cmd/wire/main.go:333.30,335.46 2 0
github.com/almondoo/wire/cmd/wire/main.go:335.46,336.59 1 0
github.com/almondoo/wire/cmd/wire/main.go:336.59,338.6 1 0
github.com/almondoo/wire/cmd/wire/main.go:339.5,339.61 1 0
github.com/almondoo/wire/cmd/wire/main.go:341.4,342.33 2 0
github.com/almondoo/wire/cmd/wire/main.go:342.33,344.5 1 0
github.com/almondoo/wire/cmd/wire/main.go:347.2,347.19 1 1
github.com/almondoo/wire/cmd/wire/main.go:347.19,351.3 3 0
github.com/almondoo/wire/cmd/wire/main.go:352.2,352.32 1 1
github.com/almondoo/wire/cmd/wire/main.go:359.32,359.50 1 1
github.com/almondoo/wire/cmd/wire/main.go:360.36,362.2 1 1
github.com/almondoo/wire/cmd/wire/main.go:363.33,371.2 1 1
github.com/almondoo/wire/cmd/wire/main.go:372.48,374.2 1 2
github.com/almondoo/wire/cmd/wire/main.go:375.112,377.16 2 1
github.com/almondoo/wire/cmd/wire/main.go:377.16,380.3 2 0
github.com/almondoo/wire/cmd/wire/main.go:381.2,382.19 2 1
github.com/almondoo/wire/cmd/wire/main.go:382.19,386.3 3 0
github.com/almondoo/wire/cmd/wire/main.go:387.2,387.32 1 1
github.com/almondoo/wire/cmd/wire/main.go:399.98,407.20 6 0
github.com/almondoo/wire/cmd/wire/main.go:407.20,410.39 3 0
github.com/almondoo/wire/cmd/wire/main.go:410.39,411.12 1 0
github.com/almondoo/wire/cmd/wire/main.go:413.3,414.93 2 0
github.com/almondoo/wire/cmd/wire/main.go:414.93,416.4 1 0
github.com/almondoo/wire/cmd/wire/main.go:417.3,417.39 1 0
github.com/almondoo/wire/cmd/wire/main.go:421.2,425.34 5 0
github.com/almondoo/wire/cmd/wire/main.go:425.34,427.32 1 0
github.com/almondoo/wire/cmd/wire/main.go:427.32,429.4 1 0
github.com/almondoo/wire/cmd/wire/main.go:432.2,433.20 1 0
github.com/almondoo/wire/cmd/wire/main.go:433.20,436.36 3 0
github.com/almondoo/wire/cmd/wire/main.go:436.36,437.13 1 0
github.com/almondoo/wire/cmd/wire/main.go:439.4,439.32 1 0
github.com/almondoo/wire/cmd/wire/main.go:440.20,442.31 1 0
github.com/almondoo/wire/cmd/wire/main.go:443.20,445.31 1 0
github.com/almondoo/wire/cmd/wire/main.go:446.25,450.32 3 0
github.com/almondoo/wire/cmd/wire/main.go:450.32,451.42 1 0
github.com/almondoo/wire/cmd/wire/main.go:451.42,453.7 1 0
github.com/almondoo/wire/cmd/wire/main.go:455.5,455.20 1 0
github.com/almondoo/wire/cmd/wire/main.go:455.20,457.33 2 0
github.com/almondoo/wire/cmd/wire/main.go:457.33,458.43 1 0
github.com/almondoo/wire/cmd/wire/main.go:458.43,460.8 1 0
github.com/almondoo/wire/cmd/wire/main.go:462.6,462.18 1 0
github.com/almondoo/wire/cmd/wire/main.go:466.5,468.32 3 0
github.com/almondoo/wire/cmd/wire/main.go:468.32,470.17 2 0
github.com/almondoo/wire/cmd/wire/main.go:470.17,472.7 1 0
github.com/almondoo/wire/cmd/wire/main.go:472.12,474.7 1 0
github.com/almondoo/wire/cmd/wire/main.go:476.5,476.27 1 0
github.com/almondoo/wire/cmd/wire/main.go:476.27,477.44 1 0
github.com/almondoo/wire/cmd/wire/main.go:477.44,480.19 3 0
github.com/almondoo/wire/cmd/wire/main.go:483.5,490.7 5 0
github.com/almondoo/wire/cmd/wire/main.go:491.22,493.27 2 0
github.com/almondoo/wire/cmd/wire/main.go:493.27,494.37 1 0
github.com/almondoo/wire/cmd/wire/main.go:494.37,497.19 3 0
github.com/almondoo/wire/cmd/wire/main.go:500.5,509.7 7 0
github.com/almondoo/wire/cmd/wire/main.go:510.22,513.41 2 0
github.com/almondoo/wire/cmd/wire/main.go:513.41,515.14 2 0
github.com/almondoo/wire/cmd/wire/main.go:518.5,521.16 4 0
github.com/almondoo/wire/cmd/wire/main.go:521.16,523.6 1 0
github.com/almondoo/wire/cmd/wire/main.go:523.11,525.6 1 0
github.com/almondoo/wire/cmd/wire/main.go:527.5,527.27 1 0
github.com/almondoo/wire/cmd/wire/main.go:527.27,528.44 1 0
github.com/almondoo/wire/cmd/wire/main.go:528.44,531.19 3 0
github.com/almondoo/wire/cmd/wire/main.go:534.5,541.7 5 0
github.com/almondoo/wire/cmd/wire/main.go:542.12,543.25 1 0
github.com/almondoo/wire/cmd/wire/main.go:549.2,549.24 1 0
github.com/almondoo/wire/cmd/wire/main.go:549.24,550.34 1 0
github.com/almondoo/wire/cmd/wire/main.go:550.34,552.12 2 0
github.com/almondoo/wire/cmd/wire/main.go:554.3,555.62 2 0
github.com/almondoo/wire/cmd/wire/main.go:555.62,557.4 1 0
github.com/almondoo/wire/cmd/wire/main.go:558.3,559.45 2 0
github.com/almondoo/wire/cmd/wire/main.go:561.2,561.41 1 0
github.com/almondoo/wire/cmd/wire/main.go:561.41,562.55 1 0
github.com/almondoo/wire/cmd/wire/main.go:562.55,564.4 1 0
github.com/almondoo/wire/cmd/wire/main.go:565.3,565.57 1 0
github.com/almondoo/wire/cmd/wire/main.go:567.2,567.24 1 0
github.com/almondoo/wire/cmd/wire/main.go:570.44,571.48 1 0
github.com/almondoo/wire/cmd/wire/main.go:571.48,573.3 1 0
github.com/almondoo/wire/cmd/wire/main.go:576.44,577.24 1 0
github.com/almondoo/wire/cmd/wire/main.go:577.24,579.3 1 0
github.com/almondoo/wire/cmd/wire/main.go:580.2,581.46 2 0
github.com/almondoo/wire/cmd/wire/main.go:581.46,582.21 1 0
github.com/almondoo/wire/cmd/wire/main.go:582.21,584.4 1 0
github.com/almondoo/wire/cmd/wire/main.go:586.2,586.13 1 0
github.com/almondoo/wire/cmd/wire/main.go:589.40,593.25 4 0
github.com/almondoo/wire/cmd/wire/main.go:593.25,595.3 1 0
github.com/almondoo/wire/cmd/wire/main.go:596.2,597.10 2 0
github.com/almondoo/wire/cmd/wire/main.go:600.63,603.2 1 0
github.com/almondoo/wire/cmd/wire/main.go:605.30,606.27 1 0
github.com/almondoo/wire/cmd/wire/main.go:606.27,608.3 1 0
github.com/almondoo/wire/internal/wire/analyze.go:95.105,101.35 3 72
github.com/almondoo/wire/internal/wire/analyze.go:101.35,103.3 1 16
github.com/almondoo/wire/internal/wire/analyze.go:109.2,119.19 6 72
github.com/almondoo/wire/internal/wire/analyze.go:119.19,122.30 3 202
github.com/almondoo/wire/internal/wire/analyze.go:122.30,123.12 1 2
github.com/almondoo/wire/internal/wire/analyze.go:126.3,127.17 2 200
github.com/almondoo/wire/internal/wire/analyze.go:127.17,128.24 1 13
github.com/almondoo/wire/internal/wire/analyze.go:128.24,131.13 3 5
github.com/almondoo/wire/internal/wire/analyze.go:133.4,135.41 3 8
github.com/almondoo/wire/internal/wire/analyze.go:135.41,137.5 1 16
github.com/almondoo/wire/internal/wire/analyze.go:138.4,140.12 3 8
github.com/almondoo/wire/internal/wire/analyze.go:142.3,144.64 3 187
github.com/almondoo/wire/internal/wire/analyze.go:144.64,147.16 2 15
github.com/almondoo/wire/internal/wire/analyze.go:147.16,149.13 2 6
github.com/almondoo/wire/internal/wire/analyze.go:151.4,152.12 2 9
github.com/almondoo/wire/internal/wire/analyze.go:155.3,155.33 1 172
github.com/almondoo/wire/internal/wire/analyze.go:156.19,156.19 0 0
github.com/almondoo/wire/internal/wire/analyze.go:158.24,164.42 3 144
github.com/almondoo/wire/internal/wire/analyze.go:164.42,166.32 2 139
github.com/almondoo/wire/internal/wire/analyze.go:166.32,167.21 1 61
github.com/almondoo/wire/internal/wire/analyze.go:167.21,171.7 2 49
github.com/almondoo/wire/internal/wire/analyze.go:172.6,172.66 1 61
github.com/almondoo/wire/internal/wire/analyze.go:175.4,175.20 1 144
github.com/almondoo/wire/internal/wire/analyze.go:175.20,176.13 1 49
github.com/almondoo/wire/internal/wire/analyze.go:178.4,180.26 3 95
github.com/almondoo/wire/internal/wire/analyze.go:180.26,183.22 3 71
github.com/almondoo/wire/internal/wire/analyze.go:183.22,185.18 2 15
github.com/almondoo/wire/internal/wire/analyze.go:187.5,187.22 1 56
github.com/almondoo/wire/internal/wire/analyze.go:189.4,192.18 4 80
github.com/almondoo/wire/internal/wire/analyze.go:192.18,194.32 2 17
github.com/almondoo/wire/internal/wire/analyze.go:194.32,196.6 1 22
github.com/almondoo/wire/internal/wire/analyze.go:198.4,209.6 1 80
github.com/almondoo/wire/internal/wire/analyze.go:210.21,218.6 3 14
github.com/almondoo/wire/internal/wire/analyze.go:219.21,221.33 2 14
github.com/almondoo/wire/internal/wire/analyze.go:221.33,225.13 2 4
github.com/almondoo/wire/internal/wire/analyze.go:227.4,229.21 3 10
github.com/almondoo/wire/internal/wire/analyze.go:229.21,231.17 2 0
github.com/almondoo/wire/internal/wire/analyze.go:234.4,245.6 3 10
github.com/almondoo/wire/internal/wire/analyze.go:246.11,247.54 1 0
github.com/almondoo/wire/internal/wire/analyze.go:250.2,250.24 1 72
github.com/almondoo/wire/internal/wire/analyze.go:250.24,252.3 1 12
github.com/almondoo/wire/internal/wire/analyze.go:253.2,253.54 1 60
github.com/almondoo/wire/internal/wire/analyze.go:253.54,255.3 1 4
github.com/almondoo/wire/internal/wire/analyze.go:256.2,256.19 1 56
github.com/almondoo/wire/internal/wire/analyze.go:260.71,262.34 2 60
github.com/almondoo/wire/internal/wire/analyze.go:262.34,264.26 2 17
github.com/almondoo/wire/internal/wire/analyze.go:264.26,265.23 1 25
github.com/almondoo/wire/internal/wire/analyze.go:265.23,267.10 2 16
github.com/almondoo/wire/internal/wire/analyze.go:270.3,270.13 1 17
github.com/almondoo/wire/internal/wire/analyze.go:270.13,271.25 1 1
github.com/almondoo/wire/internal/wire/analyze.go:271.25,273.5 1 0
github.com/almondoo/wire/internal/wire/analyze.go:273.10,275.5 1 1
github.com/almondoo/wire/internal/wire/analyze.go:278.2,278.34 1 60
github.com/almondoo/wire/internal/wire/analyze.go:278.34,280.26 2 52
github.com/almondoo/wire/internal/wire/analyze.go:280.26,281.23 1 97
github.com/almondoo/wire/internal/wire/analyze.go:281.23,283.10 2 49
github.com/almondoo/wire/internal/wire/analyze.go:286.3,286.13 1 52
github.com/almondoo/wire/internal/wire/analyze.go:286.13,288.4 1 3
github.com/almondoo/wire/internal/wire/analyze.go:290.2,290.31 1 60
github.com/almondoo/wire/internal/wire/analyze.go:290.31,292.26 2 13
github.com/almondoo/wire/internal/wire/analyze.go:292.26,293.20 1 23
github.com/almondoo/wire/internal/wire/analyze.go:293.20,295.10 2 11
github.com/almondoo/wire/internal/wire/analyze.go:298.3,298.13 1 13
github.com/almondoo/wire/internal/wire/analyze.go:298.13,300.4 1 2
github.com/almondoo/wire/internal/wire/analyze.go:302.2,302.33 1 60
github.com/almondoo/wire/internal/wire/analyze.go:302.33,304.26 2 8
github.com/almondoo/wire/internal/wire/analyze.go:304.26,305.22 1 18
github.com/almondoo/wire/internal/wire/analyze.go:305.22,307.10 2 6
github.com/almondoo/wire/internal/wire/analyze.go:310.3,310.13 1 8
github.com/almondoo/wire/internal/wire/analyze.go:310.13,312.4 1 2
github.com/almondoo/wire/internal/wire/analyze.go:314.2,314.31 1 60
github.com/almondoo/wire/internal/wire/analyze.go:314.31,316.26 2 11
github.com/almondoo/wire/internal/wire/analyze.go:316.26,317.20 1 47
github.com/almondoo/wire/internal/wire/analyze.go:317.20,319.10 2 10
github.com/almondoo/wire/internal/wire/analyze.go:322.3,322.13 1 11
github.com/almondoo/wire/internal/wire/analyze.go:322.13,324.4 1 1
github.com/almondoo/wire/internal/wire/analyze.go:326.2,326.13 1 60
github.com/almondoo/wire/internal/wire/analyze.go:332.126,340.29 6 119
github.com/almondoo/wire/internal/wire/analyze.go:340.29,342.37 2 92
github.com/almondoo/wire/internal/wire/analyze.go:342.37,346.49 4 19
github.com/almondoo/wire/internal/wire/analyze.go:346.49,348.13 2 1
github.com/almondoo/wire/internal/wire/analyze.go:350.4,351.24 2 18
github.com/almondoo/wire/internal/wire/analyze.go:355.2,355.34 1 119
github.com/almondoo/wire/internal/wire/analyze.go:355.34,357.61 2 27
github.com/almondoo/wire/internal/wire/analyze.go:357.61,358.47 1 60
github.com/almondoo/wire/internal/wire/analyze.go:358.47,361.5 2 4
github.com/almondoo/wire/internal/wire/analyze.go:362.4,363.22 2 56
github.com/almondoo/wire/internal/wire/analyze.go:366.2,366.24 1 119
github.com/almondoo/wire/internal/wire/analyze.go:366.24,368.3 1 5
github.com/almondoo/wire/internal/wire/analyze.go:371.2,371.34 1 114
github.com/almondoo/wire/internal/wire/analyze.go:371.34,373.29 2 149
github.com/almondoo/wire/internal/wire/analyze.go:373.29,374.49 1 166
github.com/almondoo/wire/internal/wire/analyze.go:374.49,376.13 2 10
github.com/almondoo/wire/internal/wire/analyze.go:378.4,379.24 2 156
github.com/almondoo/wire/internal/wire/analyze.go:382.2,382.31 1 114
github.com/almondoo/wire/internal/wire/analyze.go:382.31,384.50 2 17
github.com/almondoo/wire/internal/wire/analyze.go:384.50,386.12 2 1
github.com/almondoo/wire/internal/wire/analyze.go:388.3,389.25 2 16
github.com/almondoo/wire/internal/wire/analyze.go:391.2,391.31 1 114
github.com/almondoo/wire/internal/wire/analyze.go:391.31,393.29 2 13
github.com/almondoo/wire/internal/wire/analyze.go:393.29,394.49 1 19
github.com/almondoo/wire/internal/wire/analyze.go:394.49,396.13 2 0
github.com/almondoo/wire/internal/wire/analyze.go:398.4,399.24 2 19
github.com/almondoo/wire/internal/wire/analyze.go:402.2,402.24 1 114
github.com/almondoo/wire/internal/wire/analyze.go:402.24,404.3 1 8
github.com/almondoo/wire/internal/wire/analyze.go:408.2,408.33 1 106
github.com/almondoo/wire/internal/wire/analyze.go:408.33,410.52 2 13
github.com/almondoo/wire/internal/wire/analyze.go:410.52,412.12 2 1
github.com/almondoo/wire/internal/wire/analyze.go:414.3,415.22 2 12
github.com/almondoo/wire/internal/wire/analyze.go:415.22,417.21 2 1
github.com/almondoo/wire/internal/wire/analyze.go:417.21,419.5 1 0
github.com/almondoo/wire/internal/wire/analyze.go:420.4,421.12 2 1
github.com/almondoo/wire/internal/wire/analyze.go:423.3,424.27 2 11
github.com/almondoo/wire/internal/wire/analyze.go:426.2,426.24 1 106
github.com/almondoo/wire/internal/wire/analyze.go:426.24,428.3 1 2
github.com/almondoo/wire/internal/wire/analyze.go:429.2,429.33 1 104
github.com/almondoo/wire/internal/wire/analyze.go:432.79,443.42 5 104
github.com/almondoo/wire/internal/wire/analyze.go:443.42,443.122 1 312
github.com/almondoo/wire/internal/wire/analyze.go:444.2,444.31 1 104
github.com/almondoo/wire/internal/wire/analyze.go:444.31,447.20 2 261
github.com/almondoo/wire/internal/wire/analyze.go:447.20,451.42 4 422
github.com/almondoo/wire/internal/wire/analyze.go:451.42,452.13 1 150
github.com/almondoo/wire/internal/wire/analyze.go:454.4,456.16 3 272
github.com/almondoo/wire/internal/wire/analyze.go:456.16,458.13 1 11
github.com/almondoo/wire/internal/wire/analyze.go:460.4,461.11 2 261
github.com/almondoo/wire/internal/wire/analyze.go:462.22,462.22 0 20
github.com/almondoo/wire/internal/wire/analyze.go:464.20,464.20 0 19
github.com/almondoo/wire/internal/wire/analyze.go:466.41,468.24 2 222
github.com/almondoo/wire/internal/wire/analyze.go:468.24,469.45 1 203
github.com/almondoo/wire/internal/wire/analyze.go:469.45,471.7 1 149
github.com/almondoo/wire/internal/wire/analyze.go:472.11,474.6 1 19
github.com/almondoo/wire/internal/wire/analyze.go:475.5,475.28 1 222
github.com/almondoo/wire/internal/wire/analyze.go:475.28,477.29 2 168
github.com/almondoo/wire/internal/wire/analyze.go:477.29,478.32 1 210
github.com/almondoo/wire/internal/wire/analyze.go:478.32,481.39 3 7
github.com/almondoo/wire/internal/wire/analyze.go:481.39,483.27 2 21
github.com/almondoo/wire/internal/wire/analyze.go:483.27,486.10 2 20
github.com/almondoo/wire/internal/wire/analyze.go:486.15,489.10 2 1
github.com/almondoo/wire/internal/wire/analyze.go:491.8,494.13 4 7
github.com/almondoo/wire/internal/wire/analyze.go:497.6,497.19 1 168
github.com/almondoo/wire/internal/wire/analyze.go:497.19,500.7 2 161
github.com/almondoo/wire/internal/wire/analyze.go:502.12,503.40 1 0
github.com/almondoo/wire/internal/wire/analyze.go:507.2,507.18 1 104
github.com/almondoo/wire/internal/wire/analyze.go:512.115,514.23 2 17
github.com/almondoo/wire/internal/wire/analyze.go:514.23,516.3 1 1
github.com/almondoo/wire/internal/wire/analyze.go:517.2,520.70 4 17
github.com/almondoo/wire/internal/wire/copyast.go:29.42,36.60 2 27
github.com/almondoo/wire/internal/wire/copyast.go:36.60,37.34 1 493
github.com/almondoo/wire/internal/wire/copyast.go:38.12,38.12 0 86
github.com/almondoo/wire/internal/wire/copyast.go:40.23,45.5 1 0
github.com/almondoo/wire/internal/wire/copyast.go:46.24,52.5 1 9
github.com/almondoo/wire/internal/wire/copyast.go:53.21,57.5 1 0
github.com/almondoo/wire/internal/wire/copyast.go:58.21,62.5 1 0
github.com/almondoo/wire/internal/wire/copyast.go:63.21,67.5 1 0
github.com/almondoo/wire/internal/wire/copyast.go:68.22,73.5 1 22
github.com/almondoo/wire/internal/wire/copyast.go:74.24,80.5 1 1
github.com/almondoo/wire/internal/wire/copyast.go:81.23,86.5 1 13
github.com/almondoo/wire/internal/wire/copyast.go:87.24,92.5 1 0
github.com/almondoo/wire/internal/wire/copyast.go:93.22,100.5 1 25
github.com/almondoo/wire/internal/wire/copyast.go:101.24,107.5 1 0
github.com/almondoo/wire/internal/wire/copyast.go:108.22,114.5 1 0
github.com/almondoo/wire/internal/wire/copyast.go:115.24,121.5 1 0
github.com/almondoo/wire/internal/wire/copyast.go:122.21,126.5 1 5
github.com/almondoo/wire/internal/wire/copyast.go:127.26,129.24 2 3
github.com/almondoo/wire/internal/wire/copyast.go:129.24,131.30 2 3
github.com/almondoo/wire/internal/wire/copyast.go:131.30,133.6 1 5
github.com/almondoo/wire/internal/wire/copyast.go:135.4,135.16 1 3
github.com/almondoo/wire/internal/wire/copyast.go:136.26,142.5 1 15
github.com/almondoo/wire/internal/wire/copyast.go:143.22,146.5 1 1
github.com/almondoo/wire/internal/wire/copyast.go:147.23,151.5 1 0
github.com/almondoo/wire/internal/wire/copyast.go:152.22,156.5 1 0
github.com/almondoo/wire/internal/wire/copyast.go:157.23,161.5 1 0
github.com/almondoo/wire/internal/wire/copyast.go:162.22,165.5 1 9
github.com/almondoo/wire/internal/wire/copyast.go:166.19,173.5 1 14
github.com/almondoo/wire/internal/wire/copyast.go:174.23,179.24 2 21
github.com/almondoo/wire/internal/wire/copyast.go:179.24,181.30 2 9
github.com/almondoo/wire/internal/wire/copyast.go:181.30,183.6 1 14
github.com/almondoo/wire/internal/wire/copyast.go:185.4,185.16 1 21
github.com/almondoo/wire/internal/wire/copyast.go:186.21,193.5 1 0
github.com/almondoo/wire/internal/wire/copyast.go:194.22,201.5 1 11
github.com/almondoo/wire/internal/wire/copyast.go:202.21,206.5 1 0
github.com/almondoo/wire/internal/wire/copyast.go:207.22,212.5 1 11
github.com/almondoo/wire/internal/wire/copyast.go:213.21,221.25 2 5
github.com/almondoo/wire/internal/wire/copyast.go:221.25,223.31 2 5
github.com/almondoo/wire/internal/wire/copyast.go:223.31,225.6 1 5
github.com/almondoo/wire/internal/wire/copyast.go:227.4,227.18 1 5
github.com/almondoo/wire/internal/wire/copyast.go:228.20,232.5 1 0
github.com/almondoo/wire/internal/wire/copyast.go:233.19,236.18 1 157
github.com/almondoo/wire/internal/wire/copyast.go:237.20,244.5 1 2
github.com/almondoo/wire/internal/wire/copyast.go:245.24,252.5 1 0
github.com/almondoo/wire/internal/wire/copyast.go:253.24,258.5 1 0
github.com/almondoo/wire/internal/wire/copyast.go:259.23,265.5 1 0
github.com/almondoo/wire/internal/wire/copyast.go:266.27,271.5 1 0
github.com/almondoo/wire/internal/wire/copyast.go:272.26,277.5 1 8
github.com/almondoo/wire/internal/wire/copyast.go:278.25,283.5 1 0
github.com/almondoo/wire/internal/wire/copyast.go:284.21,289.5 1 0
github.com/almondoo/wire/internal/wire/copyast.go:290.23,295.5 1 0
github.com/almondoo/wire/internal/wire/copyast.go:296.23,305.5 1 0
github.com/almondoo/wire/internal/wire/copyast.go:306.24,310.5 1 4
github.com/almondoo/wire/internal/wire/copyast.go:311.24,315.5 1 0
github.com/almondoo/wire/internal/wire/copyast.go:316.26,320.5 1 45
github.com/almondoo/wire/internal/wire/copyast.go:321.22,326.5 1 0
github.com/almondoo/wire/internal/wire/copyast.go:327.23,336.5 1 0
github.com/almondoo/wire/internal/wire/copyast.go:337.22,341.5 1 7
github.com/almondoo/wire/internal/wire/copyast.go:342.24,347.5 1 4
github.com/almondoo/wire/internal/wire/copyast.go:348.24,354.5 1 0
github.com/almondoo/wire/internal/wire/copyast.go:355.28,361.5 1 0
github.com/almondoo/wire/internal/wire/copyast.go:362.22,369.5 1 3
github.com/almondoo/wire/internal/wire/copyast.go:370.28,376.5 1 0
github.com/almondoo/wire/internal/wire/copyast.go:377.23,382.5 1 10
github.com/almondoo/wire/internal/wire/copyast.go:383.23,390.5 1 2
github.com/almondoo/wire/internal/wire/copyast.go:391.11,392.54 1 0
github.com/almondoo/wire/internal/wire/copyast.go:394.3,394.14 1 493
github.com/almondoo/wire/internal/wire/copyast.go:396.2,396.20 1 27
github.com/almondoo/wire/internal/wire/copyast.go:399.92,400.16 1 54
github.com/almondoo/wire/internal/wire/copyast.go:400.16,402.3 1 51
github.com/almondoo/wire/internal/wire/copyast.go:403.2,403.35 1 3
github.com/almondoo/wire/internal/wire/copyast.go:406.66,407.16 1 150
github.com/almondoo/wire/internal/wire/copyast.go:407.16,409.3 1 2
github.com/almondoo/wire/internal/wire/copyast.go:410.2,410.26 1 148
github.com/almondoo/wire/internal/wire/copyast.go:413.66,414.16 1 4
github.com/almondoo/wire/internal/wire/copyast.go:414.16,416.3 1 3
github.com/almondoo/wire/internal/wire/copyast.go:417.2,417.26 1 1
github.com/almondoo/wire/internal/wire/copyast.go:420.71,421.16 1 61
github.com/almondoo/wire/internal/wire/copyast.go:421.16,423.3 1 1
github.com/almondoo/wire/internal/wire/copyast.go:424.2,424.28 1 60
github.com/almondoo/wire/internal/wire/copyast.go:427.83,428.16 1 15
github.com/almondoo/wire/internal/wire/copyast.go:428.16,430.3 1 1
github.com/almondoo/wire/internal/wire/copyast.go:431.2,431.32 1 14
github.com/almondoo/wire/internal/wire/copyast.go:434.83,435.16 1 39
github.com/almondoo/wire/internal/wire/copyast.go:435.16,437.3 1 17
github.com/almondoo/wire/internal/wire/copyast.go:438.2,438.32 1 22
github.com/almondoo/wire/internal/wire/copyast.go:441.80,442.16 1 2
github.com/almondoo/wire/internal/wire/copyast.go:442.16,444.3 1 1
github.com/almondoo/wire/internal/wire/copyast.go:445.2,445.31 1 1
github.com/almondoo/wire/internal/wire/copyast.go:448.80,449.16 1 16
github.com/almondoo/wire/internal/wire/copyast.go:449.16,451.3 1 15
github.com/almondoo/wire/internal/wire/copyast.go:452.2,452.31 1 1
github.com/almondoo/wire/internal/wire/copyast.go:455.80,456.16 1 13
github.com/almondoo/wire/internal/wire/copyast.go:456.16,458.3 1 1
github.com/almondoo/wire/internal/wire/copyast.go:459.2,459.31 1 12
github.com/almondoo/wire/internal/wire/copyast.go:462.73,463.18 1 66
github.com/almondoo/wire/internal/wire/copyast.go:463.18,465.3 1 12
github.com/almondoo/wire/internal/wire/copyast.go:466.2,467.23 2 54
github.com/almondoo/wire/internal/wire/copyast.go:467.23,469.3 1 67
github.com/almondoo/wire/internal/wire/copyast.go:470.2,470.17 1 54
github.com/almondoo/wire/internal/wire/copyast.go:473.73,474.18 1 15
github.com/almondoo/wire/internal/wire/copyast.go:474.18,476.3 1 3
github.com/almondoo/wire/internal/wire/copyast.go:477.2,478.23 2 12
github.com/almondoo/wire/internal/wire/copyast.go:478.23,480.3 1 26
github.com/almondoo/wire/internal/wire/copyast.go:481.2,481.17 1 12
github.com/almondoo/wire/internal/wire/copyast.go:484.79,485.19 1 18
github.com/almondoo/wire/internal/wire/copyast.go:485.19,487.3 1 7
github.com/almondoo/wire/internal/wire/copyast.go:488.2,489.24 2 11
github.com/almondoo/wire/internal/wire/copyast.go:489.24,491.3 1 12
github.com/almondoo/wire/internal/wire/copyast.go:492.2,492.18 1 11
github.com/almondoo/wire/internal/wire/errors.go:27.46,28.25 1 209
github.com/almondoo/wire/internal/wire/errors.go:28.25,29.15 1 219
github.com/almondoo/wire/internal/wire/errors.go:29.15,31.4 1 219
github.com/almondoo/wire/internal/wire/errors.go:36.59,37.20 1 347
github.com/almondoo/wire/internal/wire/errors.go:37.20,39.3 1 220
github.com/almondoo/wire/internal/wire/errors.go:40.2,41.22 2 127
github.com/almondoo/wire/internal/wire/errors.go:41.22,43.3 1 138
github.com/almondoo/wire/internal/wire/errors.go:44.2,44.16 1 127
github.com/almondoo/wire/internal/wire/errors.go:60.52,61.18 1 247
github.com/almondoo/wire/internal/wire/errors.go:62.11,63.13 1 0
github.com/almondoo/wire/internal/wire/errors.go:64.16,65.11 1 132
github.com/almondoo/wire/internal/wire/errors.go:66.10,67.41 1 115
github.com/almondoo/wire/internal/wire/errors.go:72.62,73.45 1 106
github.com/almondoo/wire/internal/wire/errors.go:73.45,75.3 1 85
github.com/almondoo/wire/internal/wire/errors.go:79.34,80.27 1 227
github.com/almondoo/wire/internal/wire/errors.go:80.27,82.3 1 2
github.com/almondoo/wire/internal/wire/errors.go:83.2,83.53 1 225
github.com/almondoo/wire/internal/wire/parse.go:46.82,47.34 1 61
github.com/almondoo/wire/internal/wire/parse.go:47.34,48.14 1 56
github.com/almondoo/wire/internal/wire/parse.go:48.14,50.4 1 0
github.com/almondoo/wire/internal/wire/parse.go:51.3,51.31 1 56
github.com/almondoo/wire/internal/wire/parse.go:53.2,53.9 1 61
github.com/almondoo/wire/internal/wire/parse.go:54.25,56.26 2 45
github.com/almondoo/wire/internal/wire/parse.go:56.26,58.4 1 0
github.com/almondoo/wire/internal/wire/parse.go:59.3,59.96 1 45
github.com/almondoo/wire/internal/wire/parse.go:60.24,61.69 1 1
github.com/almondoo/wire/internal/wire/parse.go:62.22,63.68 1 1
github.com/almondoo/wire/internal/wire/parse.go:64.23,65.99 1 11
github.com/almondoo/wire/internal/wire/parse.go:66.28,68.144 2 3
github.com/almondoo/wire/internal/wire/parse.go:69.22,70.71 1 0
github.com/almondoo/wire/internal/wire/parse.go:72.2,72.44 1 0
github.com/almondoo/wire/internal/wire/parse.go:77.78,80.21 2 45
github.com/almondoo/wire/internal/wire/parse.go:80.21,81.55 1 11
github.com/almondoo/wire/internal/wire/parse.go:81.55,83.4 1 11
github.com/almondoo/wire/internal/wire/parse.go:85.2,86.15 2 45
github.com/almondoo/wire/internal/wire/parse.go:120.48,122.2 1 1
github.com/almondoo/wire/internal/wire/parse.go:125.56,127.15 2 374
github.com/almondoo/wire/internal/wire/parse.go:127.15,129.3 1 13
github.com/almondoo/wire/internal/wire/parse.go:130.2,130.28 1 361
github.com/almondoo/wire/internal/wire/parse.go:251.106,253.19 2 1
github.com/almondoo/wire/internal/wire/parse.go:253.19,255.3 1 0
github.com/almondoo/wire/internal/wire/parse.go:256.2,256.20 1 1
github.com/almondoo/wire/internal/wire/parse.go:256.20,258.3 1 0
github.com/almondoo/wire/internal/wire/parse.go:259.2,266.27 5 1
github.com/almondoo/wire/internal/wire/parse.go:266.27,267.32 1 1
github.com/almondoo/wire/internal/wire/parse.go:267.32,269.12 1 0
github.com/almondoo/wire/internal/wire/parse.go:271.3,272.38 2 1
github.com/almondoo/wire/internal/wire/parse.go:272.38,274.38 2 86
github.com/almondoo/wire/internal/wire/parse.go:274.38,275.13 1 86
github.com/almondoo/wire/internal/wire/parse.go:277.4,278.21 2 0
github.com/almondoo/wire/internal/wire/parse.go:278.21,280.13 2 0
github.com/almondoo/wire/internal/wire/parse.go:282.4,286.24 3 0
github.com/almondoo/wire/internal/wire/parse.go:288.3,288.32 1 1
github.com/almondoo/wire/internal/wire/parse.go:288.32,289.33 1 5
github.com/almondoo/wire/internal/wire/parse.go:289.33,291.12 2 125
github.com/almondoo/wire/internal/wire/parse.go:291.12,292.14 1 33
github.com/almondoo/wire/internal/wire/parse.go:294.5,295.19 2 92
github.com/almondoo/wire/internal/wire/parse.go:295.19,297.14 2 0
github.com/almondoo/wire/internal/wire/parse.go:299.5,299.25 1 92
github.com/almondoo/wire/internal/wire/parse.go:299.25,300.14 1 92
github.com/almondoo/wire/internal/wire/parse.go:302.5,304.19 3 0
github.com/almondoo/wire/internal/wire/parse.go:304.19,305.37 1 0
github.com/almondoo/wire/internal/wire/parse.go:305.37,307.7 1 0
github.com/almondoo/wire/internal/wire/parse.go:307.12,309.7 1 0
github.com/almondoo/wire/internal/wire/parse.go:310.6,310.14 1 0
github.com/almondoo/wire/internal/wire/parse.go:312.5,318.22 3 0
github.com/almondoo/wire/internal/wire/parse.go:318.22,320.14 2 0
github.com/almondoo/wire/internal/wire/parse.go:322.5,323.22 2 0
github.com/almondoo/wire/internal/wire/parse.go:323.22,324.49 1 0
github.com/almondoo/wire/internal/wire/parse.go:324.49,325.36 1 0
github.com/almondoo/wire/internal/wire/parse.go:325.36,327.8 1 0
github.com/almondoo/wire/internal/wire/parse.go:328.7,328.97 1 0
github.com/almondoo/wire/internal/wire/parse.go:330.6,330.14 1 0
github.com/almondoo/wire/internal/wire/parse.go:332.5,335.7 1 0
github.com/almondoo/wire/internal/wire/parse.go:339.2,339.24 1 1
github.com/almondoo/wire/internal/wire/parse.go:352.120,361.19 2 143
github.com/almondoo/wire/internal/wire/parse.go:361.19,363.3 1 0
github.com/almondoo/wire/internal/wire/parse.go:364.2,365.26 2 143
github.com/almondoo/wire/internal/wire/parse.go:365.26,367.3 1 142
github.com/almondoo/wire/internal/wire/parse.go:368.2,369.16 2 143
github.com/almondoo/wire/internal/wire/parse.go:369.16,371.3 1 0
github.com/almondoo/wire/internal/wire/parse.go:372.2,373.25 2 143
github.com/almondoo/wire/internal/wire/parse.go:373.25,374.30 1 143
github.com/almondoo/wire/internal/wire/parse.go:374.30,376.4 1 4
github.com/almondoo/wire/internal/wire/parse.go:378.2,378.19 1 143
github.com/almondoo/wire/internal/wire/parse.go:378.19,380.3 1 4
github.com/almondoo/wire/internal/wire/parse.go:381.2,381.18 1 139
github.com/almondoo/wire/internal/wire/parse.go:403.41,405.2 1 2
github.com/almondoo/wire/internal/wire/parse.go:414.37,416.2 1 2
github.com/almondoo/wire/internal/wire/parse.go:436.60,437.20 1 139
github.com/almondoo/wire/internal/wire/parse.go:437.20,438.56 1 0
github.com/almondoo/wire/internal/wire/parse.go:440.2,451.19 3 139
github.com/almondoo/wire/internal/wire/parse.go:451.19,454.36 3 29228
github.com/almondoo/wire/internal/wire/parse.go:454.36,455.12 1 21221
github.com/almondoo/wire/internal/wire/parse.go:457.3,458.33 2 8007
github.com/almondoo/wire/internal/wire/parse.go:458.33,460.4 1 29089
github.com/almondoo/wire/internal/wire/parse.go:462.2,462.11 1 139
github.com/almondoo/wire/internal/wire/parse.go:467.78,472.44 2 224
github.com/almondoo/wire/internal/wire/parse.go:472.44,474.3 1 11
github.com/almondoo/wire/internal/wire/parse.go:475.2,475.15 1 213
github.com/almondoo/wire/internal/wire/parse.go:475.15,480.3 1 213
github.com/almondoo/wire/internal/wire/parse.go:481.2,481.27 1 213
github.com/almondoo/wire/internal/wire/parse.go:482.18,484.43 2 34
github.com/almondoo/wire/internal/wire/parse.go:484.43,486.4 1 2
github.com/almondoo/wire/internal/wire/parse.go:487.3,488.28 2 32
github.com/almondoo/wire/internal/wire/parse.go:488.28,489.40 1 32
github.com/almondoo/wire/internal/wire/parse.go:489.40,490.10 1 32
github.com/almondoo/wire/internal/wire/parse.go:493.3,494.93 2 32
github.com/almondoo/wire/internal/wire/parse.go:495.19,496.43 1 179
github.com/almondoo/wire/internal/wire/parse.go:497.10,498.81 1 0
github.com/almondoo/wire/internal/wire/parse.go:503.63,508.31 3 34
github.com/almondoo/wire/internal/wire/parse.go:508.31,510.85 2 39
github.com/almondoo/wire/internal/wire/parse.go:510.85,512.30 2 34
github.com/almondoo/wire/internal/wire/parse.go:512.30,513.46 1 72
github.com/almondoo/wire/internal/wire/parse.go:513.46,515.6 1 33
github.com/almondoo/wire/internal/wire/parse.go:519.2,519.12 1 1
github.com/almondoo/wire/internal/wire/parse.go:524.124,527.57 3 338
github.com/almondoo/wire/internal/wire/parse.go:527.57,529.54 2 224
github.com/almondoo/wire/internal/wire/parse.go:529.54,531.4 1 29
github.com/almondoo/wire/internal/wire/parse.go:533.2,533.42 1 114
github.com/almondoo/wire/internal/wire/parse.go:533.42,535.19 2 114
github.com/almondoo/wire/internal/wire/parse.go:535.19,537.4 1 0
github.com/almondoo/wire/internal/wire/parse.go:538.3,539.17 2 114
github.com/almondoo/wire/internal/wire/parse.go:539.17,541.4 1 0
github.com/almondoo/wire/internal/wire/parse.go:542.3,542.32 1 114
github.com/almondoo/wire/internal/wire/parse.go:542.32,544.4 1 0
github.com/almondoo/wire/internal/wire/parse.go:545.3,545.23 1 114
github.com/almondoo/wire/internal/wire/parse.go:546.17,548.47 2 29
github.com/almondoo/wire/internal/wire/parse.go:549.15,551.18 2 20
github.com/almondoo/wire/internal/wire/parse.go:551.18,553.5 1 7
github.com/almondoo/wire/internal/wire/parse.go:554.4,554.17 1 13
github.com/almondoo/wire/internal/wire/parse.go:555.16,557.18 2 17
github.com/almondoo/wire/internal/wire/parse.go:557.18,559.5 1 2
github.com/almondoo/wire/internal/wire/parse.go:560.4,560.17 1 15
github.com/almondoo/wire/internal/wire/parse.go:561.25,563.18 2 4
github.com/almondoo/wire/internal/wire/parse.go:563.18,565.5 1 2
github.com/almondoo/wire/internal/wire/parse.go:566.4,566.17 1 2
github.com/almondoo/wire/internal/wire/parse.go:567.17,569.18 2 29
github.com/almondoo/wire/internal/wire/parse.go:569.18,571.5 1 12
github.com/almondoo/wire/internal/wire/parse.go:572.4,572.17 1 17
github.com/almondoo/wire/internal/wire/parse.go:573.19,575.18 2 15
github.com/almondoo/wire/internal/wire/parse.go:575.18,577.5 1 6
github.com/almondoo/wire/internal/wire/parse.go:578.4,578.17 1 9
github.com/almondoo/wire/internal/wire/parse.go:579.11,580.77 1 0
github.com/almondoo/wire/internal/wire/parse.go:583.2,583.48 1 0
github.com/almondoo/wire/internal/wire/parse.go:583.48,585.20 2 0
github.com/almondoo/wire/internal/wire/parse.go:585.20,587.4 1 0
github.com/almondoo/wire/internal/wire/parse.go:588.3,588.16 1 0
github.com/almondoo/wire/internal/wire/parse.go:590.2,590.75 1 0
github.com/almondoo/wire/internal/wire/parse.go:593.152,603.32 3 177
github.com/almondoo/wire/internal/wire/parse.go:603.32,605.20 2 306
github.com/almondoo/wire/internal/wire/parse.go:605.20,607.12 2 58
github.com/almondoo/wire/internal/wire/parse.go:609.3,609.30 1 248
github.com/almondoo/wire/internal/wire/parse.go:610.18,611.49 1 181
github.com/almondoo/wire/internal/wire/parse.go:612.21,613.45 1 28
github.com/almondoo/wire/internal/wire/parse.go:614.22,615.47 1 13
github.com/almondoo/wire/internal/wire/parse.go:616.15,617.43 1 17
github.com/almondoo/wire/internal/wire/parse.go:618.17,619.46 1 9
github.com/almondoo/wire/internal/wire/parse.go:620.11,621.30 1 0
github.com/almondoo/wire/internal/wire/parse.go:624.2,624.24 1 177
github.com/almondoo/wire/internal/wire/parse.go:624.24,626.3 1 58
github.com/almondoo/wire/internal/wire/parse.go:627.2,629.19 3 119
github.com/almondoo/wire/internal/wire/parse.go:629.19,631.3 1 15
github.com/almondoo/wire/internal/wire/parse.go:632.2,632.71 1 104
github.com/almondoo/wire/internal/wire/parse.go:632.71,634.3 1 7
github.com/almondoo/wire/internal/wire/parse.go:635.2,635.18 1 97
github.com/almondoo/wire/internal/wire/parse.go:640.69,642.9 2 1
github.com/almondoo/wire/internal/wire/parse.go:642.9,644.3 1 0
github.com/almondoo/wire/internal/wire/parse.go:645.2,646.9 2 1
github.com/almondoo/wire/internal/wire/parse.go:646.9,648.3 1 0
github.com/almondoo/wire/internal/wire/parse.go:649.2,649.70 1 1
github.com/almondoo/wire/internal/wire/parse.go:649.70,651.3 1 0
github.com/almondoo/wire/internal/wire/parse.go:652.2,652.11 1 1
github.com/almondoo/wire/internal/wire/parse.go:657.73,658.29 1 1274
github.com/almondoo/wire/internal/wire/parse.go:659.18,660.29 1 271
github.com/almondoo/wire/internal/wire/parse.go:661.25,663.10 2 889
github.com/almondoo/wire/internal/wire/parse.go:663.10,665.4 1 2
github.com/almondoo/wire/internal/wire/parse.go:666.3,666.60 1 887
github.com/almondoo/wire/internal/wire/parse.go:666.60,668.4 1 58
github.com/almondoo/wire/internal/wire/parse.go:669.3,669.33 1 829
github.com/almondoo/wire/internal/wire/parse.go:670.10,671.13 1 114
github.com/almondoo/wire/internal/wire/parse.go:676.84,680.16 4 179
github.com/almondoo/wire/internal/wire/parse.go:680.16,682.3 1 13
github.com/almondoo/wire/internal/wire/parse.go:683.2,694.36 3 166
github.com/almondoo/wire/internal/wire/parse.go:694.36,698.26 2 93
github.com/almondoo/wire/internal/wire/parse.go:698.26,699.69 1 20
github.com/almondoo/wire/internal/wire/parse.go:699.69,701.5 1 10
github.com/almondoo/wire/internal/wire/parse.go:704.2,704.22 1 156
github.com/almondoo/wire/internal/wire/parse.go:707.89,709.16 2 149
github.com/almondoo/wire/internal/wire/parse.go:709.16,711.3 1 1
github.com/almondoo/wire/internal/wire/parse.go:712.2,712.31 1 148
github.com/almondoo/wire/internal/wire/parse.go:722.64,724.23 2 496
github.com/almondoo/wire/internal/wire/parse.go:725.9,726.59 1 2
github.com/almondoo/wire/internal/wire/parse.go:727.9,728.57 1 433
github.com/almondoo/wire/internal/wire/parse.go:729.9,731.37 2 36
github.com/almondoo/wire/internal/wire/parse.go:732.38,733.52 1 24
github.com/almondoo/wire/internal/wire/parse.go:734.40,735.56 1 10
github.com/almondoo/wire/internal/wire/parse.go:736.11,737.119 1 2
github.com/almondoo/wire/internal/wire/parse.go:739.9,740.66 1 20
github.com/almondoo/wire/internal/wire/parse.go:740.66,742.4 1 3
github.com/almondoo/wire/internal/wire/parse.go:743.3,743.64 1 17
github.com/almondoo/wire/internal/wire/parse.go:743.64,745.4 1 2
github.com/almondoo/wire/internal/wire/parse.go:746.3,750.9 1 15
github.com/almondoo/wire/internal/wire/parse.go:751.10,752.65 1 5
github.com/almondoo/wire/internal/wire/parse.go:762.103,765.9 3 2
github.com/almondoo/wire/internal/wire/parse.go:765.9,767.3 1 1
github.com/almondoo/wire/internal/wire/parse.go:769.2,783.38 4 1
github.com/almondoo/wire/internal/wire/parse.go:783.38,789.26 3 2
github.com/almondoo/wire/internal/wire/parse.go:789.26,790.69 1 1
github.com/almondoo/wire/internal/wire/parse.go:790.69,792.5 1 0
github.com/almondoo/wire/internal/wire/parse.go:795.2,795.22 1 1
github.com/almondoo/wire/internal/wire/parse.go:800.106,803.24 1 29
github.com/almondoo/wire/internal/wire/parse.go:803.24,806.3 1 0
github.com/almondoo/wire/internal/wire/parse.go:807.2,810.9 4 29
github.com/almondoo/wire/internal/wire/parse.go:810.9,813.3 1 0
github.com/almondoo/wire/internal/wire/parse.go:815.2,816.9 2 29
github.com/almondoo/wire/internal/wire/parse.go:816.9,819.3 1 1
github.com/almondoo/wire/internal/wire/parse.go:821.2,830.21 4 28
github.com/almondoo/wire/internal/wire/parse.go:830.21,831.39 1 21
github.com/almondoo/wire/internal/wire/parse.go:831.39,832.30 1 37
github.com/almondoo/wire/internal/wire/parse.go:832.30,833.13 1 1
github.com/almondoo/wire/internal/wire/parse.go:835.4,839.6 2 36
github.com/almondoo/wire/internal/wire/parse.go:841.8,843.39 2 7
github.com/almondoo/wire/internal/wire/parse.go:843.39,845.18 2 7
github.com/almondoo/wire/internal/wire/parse.go:845.18,847.5 1 1
github.com/almondoo/wire/internal/wire/parse.go:848.4,851.5 1 6
github.com/almondoo/wire/internal/wire/parse.go:854.2,854.42 1 27
github.com/almondoo/wire/internal/wire/parse.go:854.42,855.26 1 42
github.com/almondoo/wire/internal/wire/parse.go:855.26,856.69 1 19
github.com/almondoo/wire/internal/wire/parse.go:856.69,859.5 2 10
github.com/almondoo/wire/internal/wire/parse.go:862.2,862.22 1 17
github.com/almondoo/wire/internal/wire/parse.go:865.41,866.25 1 28
github.com/almondoo/wire/internal/wire/parse.go:866.25,868.3 1 6
github.com/almondoo/wire/internal/wire/parse.go:869.2,870.9 2 22
github.com/almondoo/wire/internal/wire/parse.go:870.9,872.3 1 0
github.com/almondoo/wire/internal/wire/parse.go:873.2,873.55 1 22
github.com/almondoo/wire/internal/wire/parse.go:879.35,881.2 1 57
github.com/almondoo/wire/internal/wire/parse.go:884.100,887.25 1 20
github.com/almondoo/wire/internal/wire/parse.go:887.25,890.3 1 0
github.com/almondoo/wire/internal/wire/parse.go:892.2,894.9 3 20
github.com/almondoo/wire/internal/wire/parse.go:894.9,897.3 1 1
github.com/almondoo/wire/internal/wire/parse.go:898.2,900.9 3 19
github.com/almondoo/wire/internal/wire/parse.go:900.9,903.3 1 0
github.com/almondoo/wire/internal/wire/parse.go:905.2,906.38 2 19
github.com/almondoo/wire/internal/wire/parse.go:906.38,908.10 2 19
github.com/almondoo/wire/internal/wire/parse.go:908.10,911.4 1 2
github.com/almondoo/wire/internal/wire/parse.go:912.3,912.32 1 17
github.com/almondoo/wire/internal/wire/parse.go:914.2,914.38 1 17
github.com/almondoo/wire/internal/wire/parse.go:914.38,917.3 1 1
github.com/almondoo/wire/internal/wire/parse.go:918.2,918.44 1 16
github.com/almondoo/wire/internal/wire/parse.go:918.44,921.3 1 3
github.com/almondoo/wire/internal/wire/parse.go:922.2,926.8 1 13
github.com/almondoo/wire/internal/wire/parse.go:930.94,933.25 1 17
github.com/almondoo/wire/internal/wire/parse.go:933.25,935.3 1 0
github.com/almondoo/wire/internal/wire/parse.go:936.2,937.53 2 17
github.com/almondoo/wire/internal/wire/parse.go:937.53,938.30 1 113
github.com/almondoo/wire/internal/wire/parse.go:939.294,939.294 0 105
github.com/almondoo/wire/internal/wire/parse.go:941.23,942.30 1 3
github.com/almondoo/wire/internal/wire/parse.go:942.30,945.5 2 0
github.com/almondoo/wire/internal/wire/parse.go:946.22,948.69 1 5
github.com/almondoo/wire/internal/wire/parse.go:948.69,951.5 2 1
github.com/almondoo/wire/internal/wire/parse.go:952.11,954.16 2 0
github.com/almondoo/wire/internal/wire/parse.go:956.3,956.14 1 112
github.com/almondoo/wire/internal/wire/parse.go:958.2,958.9 1 17
github.com/almondoo/wire/internal/wire/parse.go:958.9,960.3 1 1
github.com/almondoo/wire/internal/wire/parse.go:962.2,963.84 2 16
github.com/almondoo/wire/internal/wire/parse.go:963.84,965.3 1 1
github.com/almondoo/wire/internal/wire/parse.go:966.2,971.8 1 15
github.com/almondoo/wire/internal/wire/parse.go:975.103,978.25 1 4
github.com/almondoo/wire/internal/wire/parse.go:978.25,980.3 1 0
github.com/almondoo/wire/internal/wire/parse.go:981.2,983.9 3 4
github.com/almondoo/wire/internal/wire/parse.go:983.9,985.3 1 1
github.com/almondoo/wire/internal/wire/parse.go:986.2,988.9 3 3
github.com/almondoo/wire/internal/wire/parse.go:988.9,990.3 1 0
github.com/almondoo/wire/internal/wire/parse.go:991.2,992.44 2 3
github.com/almondoo/wire/internal/wire/parse.go:992.44,994.3 1 1
github.com/almondoo/wire/internal/wire/parse.go:995.2,1000.8 1 2
github.com/almondoo/wire/internal/wire/parse.go:1004.99,1007.24 1 15
github.com/almondoo/wire/internal/wire/parse.go:1007.24,1010.3 1 1
github.com/almondoo/wire/internal/wire/parse.go:1011.2,1014.9 4 14
github.com/almondoo/wire/internal/wire/parse.go:1014.9,1017.3 1 0
github.com/almondoo/wire/internal/wire/parse.go:1019.2,1021.51 3 14
github.com/almondoo/wire/internal/wire/parse.go:1022.22,1024.10 2 7
github.com/almondoo/wire/internal/wire/parse.go:1024.10,1027.4 1 0
github.com/almondoo/wire/internal/wire/parse.go:1028.3,1028.23 1 7
github.com/almondoo/wire/internal/wire/parse.go:1029.21,1030.12 1 6
github.com/almondoo/wire/internal/wire/parse.go:1031.10,1033.60 1 1
github.com/almondoo/wire/internal/wire/parse.go:1035.2,1035.42 1 13
github.com/almondoo/wire/internal/wire/parse.go:1035.42,1038.3 1 2
github.com/almondoo/wire/internal/wire/parse.go:1040.2,1041.38 2 11
github.com/almondoo/wire/internal/wire/parse.go:1041.38,1043.17 2 15
github.com/almondoo/wire/internal/wire/parse.go:1043.17,1045.4 1 2
github.com/almondoo/wire/internal/wire/parse.go:1046.3,1047.20 2 13
github.com/almondoo/wire/internal/wire/parse.go:1047.20,1051.4 1 6
github.com/almondoo/wire/internal/wire/parse.go:1052.3,1058.5 1 13
github.com/almondoo/wire/internal/wire/parse.go:1060.2,1060.20 1 9
github.com/almondoo/wire/internal/wire/parse.go:1065.67,1067.9 2 22
github.com/almondoo/wire/internal/wire/parse.go:1067.9,1069.3 1 1
github.com/almondoo/wire/internal/wire/parse.go:1070.2,1070.38 1 21
github.com/almondoo/wire/internal/wire/parse.go:1070.38,1071.68 1 32
github.com/almondoo/wire/internal/wire/parse.go:1071.68,1072.30 1 20
github.com/almondoo/wire/internal/wire/parse.go:1072.30,1074.5 1 1
github.com/almondoo/wire/internal/wire/parse.go:1075.4,1075.27 1 19
github.com/almondoo/wire/internal/wire/parse.go:1078.2,1078.73 1 1
github.com/almondoo/wire/internal/wire/parse.go:1083.83,1084.20 1 640
github.com/almondoo/wire/internal/wire/parse.go:1084.20,1086.3 1 0
github.com/almondoo/wire/internal/wire/parse.go:1087.2,1090.36 4 640
github.com/almondoo/wire/internal/wire/parse.go:1090.36,1091.30 1 1235
github.com/almondoo/wire/internal/wire/parse.go:1092.22,1094.25 2 397
github.com/almondoo/wire/internal/wire/parse.go:1094.25,1096.5 1 36
github.com/almondoo/wire/internal/wire/parse.go:1097.4,1098.11 2 397
github.com/almondoo/wire/internal/wire/parse.go:1098.11,1099.13 1 0
github.com/almondoo/wire/internal/wire/parse.go:1101.4,1101.78 1 397
github.com/almondoo/wire/internal/wire/parse.go:1101.78,1102.28 1 24
github.com/almondoo/wire/internal/wire/parse.go:1102.28,1103.14 1 0
github.com/almondoo/wire/internal/wire/parse.go:1105.5,1106.12 2 24
github.com/almondoo/wire/internal/wire/parse.go:1106.12,1107.14 1 1
github.com/almondoo/wire/internal/wire/parse.go:1110.4,1111.118 2 396
github.com/almondoo/wire/internal/wire/parse.go:1111.118,1112.13 1 196
github.com/almondoo/wire/internal/wire/parse.go:1114.4,1114.24 1 200
github.com/almondoo/wire/internal/wire/parse.go:1115.23,1115.23 0 0
github.com/almondoo/wire/internal/wire/parse.go:1117.24,1119.26 1 454
github.com/almondoo/wire/internal/wire/parse.go:1119.26,1121.5 1 265
github.com/almondoo/wire/internal/wire/parse.go:1122.11,1123.18 1 384
github.com/almondoo/wire/internal/wire/parse.go:1127.2,1127.26 1 375
github.com/almondoo/wire/internal/wire/parse.go:1127.26,1129.3 1 176
github.com/almondoo/wire/internal/wire/parse.go:1130.2,1130.13 1 199
github.com/almondoo/wire/internal/wire/parse.go:1130.13,1132.3 1 2
github.com/almondoo/wire/internal/wire/parse.go:1133.2,1133.27 1 197
github.com/almondoo/wire/internal/wire/parse.go:1136.37,1139.87 2 516
github.com/almondoo/wire/internal/wire/parse.go:1139.87,1141.3 1 1
github.com/almondoo/wire/internal/wire/parse.go:1142.2,1142.43 1 516
github.com/almondoo/wire/internal/wire/parse.go:1145.43,1147.9 2 87
github.com/almondoo/wire/internal/wire/parse.go:1147.9,1149.3 1 56
github.com/almondoo/wire/internal/wire/parse.go:1150.2,1151.90 2 31
github.com/almondoo/wire/internal/wire/parse.go:1168.37,1170.2 1 202
github.com/almondoo/wire/internal/wire/parse.go:1179.42,1181.2 1 188
github.com/almondoo/wire/internal/wire/parse.go:1184.42,1186.2 1 639
github.com/almondoo/wire/internal/wire/parse.go:1189.39,1191.2 1 291
github.com/almondoo/wire/internal/wire/parse.go:1194.37,1196.2 1 415
github.com/almondoo/wire/internal/wire/parse.go:1199.39,1201.2 1 35
github.com/almondoo/wire/internal/wire/parse.go:1205.45,1206.17 1 368
github.com/almondoo/wire/internal/wire/parse.go:1206.17,1207.49 1 0
github.com/almondoo/wire/internal/wire/parse.go:1209.2,1209.13 1 368
github.com/almondoo/wire/internal/wire/parse.go:1214.39,1215.17 1 15
github.com/almondoo/wire/internal/wire/parse.go:1215.17,1216.46 1 0
github.com/almondoo/wire/internal/wire/parse.go:1218.2,1218.13 1 15
github.com/almondoo/wire/internal/wire/parse.go:1223.43,1224.17 1 3
github.com/almondoo/wire/internal/wire/parse.go:1224.17,1225.45 1 0
github.com/almondoo/wire/internal/wire/parse.go:1227.2,1227.13 1 3
github.com/almondoo/wire/internal/wire/parse.go:1232.39,1233.17 1 35
github.com/almondoo/wire/internal/wire/parse.go:1233.17,1234.46 1 0
github.com/almondoo/wire/internal/wire/parse.go:1236.2,1236.13 1 35
github.com/almondoo/wire/internal/wire/parse.go:1241.70,1247.2 4 19
github.com/almondoo/wire/internal/wire/wire.go:56.42,57.27 1 2
github.com/almondoo/wire/internal/wire/wire.go:57.27,59.3 1 1
github.com/almondoo/wire/internal/wire/wire.go:60.2,60.60 1 1
github.com/almondoo/wire/internal/wire/wire.go:83.131,84.17 1 142
github.com/almondoo/wire/internal/wire/wire.go:84.17,86.3 1 0
github.com/almondoo/wire/internal/wire/wire.go:87.2,88.19 2 142
github.com/almondoo/wire/internal/wire/wire.go:88.19,90.3 1 4
github.com/almondoo/wire/internal/wire/wire.go:91.2,92.27 2 138
github.com/almondoo/wire/internal/wire/wire.go:92.27,95.17 3 138
github.com/almondoo/wire/internal/wire/wire.go:95.17,97.12 2 0
github.com/almondoo/wire/internal/wire/wire.go:99.3,102.20 4 138
github.com/almondoo/wire/internal/wire/wire.go:102.20,104.12 2 95
github.com/almondoo/wire/internal/wire/wire.go:106.3,108.27 3 43
github.com/almondoo/wire/internal/wire/wire.go:108.27,110.4 1 1
github.com/almondoo/wire/internal/wire/wire.go:111.3,112.17 2 43
github.com/almondoo/wire/internal/wire/wire.go:112.17,116.4 1 0
github.com/almondoo/wire/internal/wire/wire.go:116.9,118.4 1 43
github.com/almondoo/wire/internal/wire/wire.go:119.3,119.31 1 43
github.com/almondoo/wire/internal/wire/wire.go:121.2,121.23 1 138
github.com/almondoo/wire/internal/wire/wire.go:124.54,125.21 1 138
github.com/almondoo/wire/internal/wire/wire.go:125.21,127.3 1 0
github.com/almondoo/wire/internal/wire/wire.go:128.2,129.30 2 138
github.com/almondoo/wire/internal/wire/wire.go:129.30,130.43 1 132
github.com/almondoo/wire/internal/wire/wire.go:130.43,132.4 1 0
github.com/almondoo/wire/internal/wire/wire.go:134.2,134.17 1 138
github.com/almondoo/wire/internal/wire/wire.go:138.94,142.31 4 138
github.com/almondoo/wire/internal/wire/wire.go:142.31,143.32 1 270
github.com/almondoo/wire/internal/wire/wire.go:143.32,145.11 2 1006
github.com/almondoo/wire/internal/wire/wire.go:145.11,146.13 1 515
github.com/almondoo/wire/internal/wire/wire.go:148.4,149.18 2 491
github.com/almondoo/wire/internal/wire/wire.go:149.18,151.13 2 2
github.com/almondoo/wire/internal/wire/wire.go:153.4,153.24 1 489
github.com/almondoo/wire/internal/wire/wire.go:153.24,154.13 1 340
github.com/almondoo/wire/internal/wire/wire.go:156.4,156.75 1 149
github.com/almondoo/wire/internal/wire/wire.go:156.75,162.5 3 136
github.com/almondoo/wire/internal/wire/wire.go:163.4,165.18 3 149
github.com/almondoo/wire/internal/wire/wire.go:165.18,166.36 1 1
github.com/almondoo/wire/internal/wire/wire.go:166.36,168.6 1 0
github.com/almondoo/wire/internal/wire/wire.go:168.11,170.6 1 1
github.com/almondoo/wire/internal/wire/wire.go:171.5,171.13 1 1
github.com/almondoo/wire/internal/wire/wire.go:173.4,179.21 3 148
github.com/almondoo/wire/internal/wire/wire.go:179.21,181.13 2 76
github.com/almondoo/wire/internal/wire/wire.go:183.4,183.81 1 72
github.com/almondoo/wire/internal/wire/wire.go:183.81,185.13 2 24
github.com/almondoo/wire/internal/wire/wire.go:189.3,189.34 1 270
github.com/almondoo/wire/internal/wire/wire.go:189.34,190.49 1 341
github.com/almondoo/wire/internal/wire/wire.go:190.49,192.5 1 3
github.com/almondoo/wire/internal/wire/wire.go:195.2,195.24 1 138
github.com/almondoo/wire/internal/wire/wire.go:195.24,197.3 1 95
github.com/almondoo/wire/internal/wire/wire.go:198.2,198.27 1 43
github.com/almondoo/wire/internal/wire/wire.go:203.72,204.26 1 43
github.com/almondoo/wire/internal/wire/wire.go:204.26,207.32 3 42
github.com/almondoo/wire/internal/wire/wire.go:207.32,208.31 1 103
github.com/almondoo/wire/internal/wire/wire.go:209.23,212.72 1 57
github.com/almondoo/wire/internal/wire/wire.go:212.72,213.14 1 48
github.com/almondoo/wire/internal/wire/wire.go:215.22,216.33 1 46
github.com/almondoo/wire/internal/wire/wire.go:216.33,217.14 1 42
github.com/almondoo/wire/internal/wire/wire.go:219.12,220.13 1 0
github.com/almondoo/wire/internal/wire/wire.go:222.4,222.13 1 13
github.com/almondoo/wire/internal/wire/wire.go:222.13,225.5 2 6
github.com/almondoo/wire/internal/wire/wire.go:227.4,228.15 2 13
github.com/almondoo/wire/internal/wire/wire.go:251.41,258.2 1 138
github.com/almondoo/wire/internal/wire/wire.go:261.41,262.22 1 43
github.com/almondoo/wire/internal/wire/wire.go:262.22,264.3 1 1
github.com/almondoo/wire/internal/wire/wire.go:265.2,266.19 2 42
github.com/almondoo/wire/internal/wire/wire.go:266.19,268.3 1 0
github.com/almondoo/wire/internal/wire/wire.go:269.2,275.24 7 42
github.com/almondoo/wire/internal/wire/wire.go:275.24,278.31 3 14
github.com/almondoo/wire/internal/wire/wire.go:278.31,280.4 1 28
github.com/almondoo/wire/internal/wire/wire.go:281.3,282.29 2 14
github.com/almondoo/wire/internal/wire/wire.go:282.29,285.20 2 28
github.com/almondoo/wire/internal/wire/wire.go:285.20,287.5 1 3
github.com/almondoo/wire/internal/wire/wire.go:287.10,289.5 1 25
github.com/almondoo/wire/internal/wire/wire.go:291.3,291.27 1 14
github.com/almondoo/wire/internal/wire/wire.go:293.2,293.28 1 42
github.com/almondoo/wire/internal/wire/wire.go:293.28,296.35 3 1
github.com/almondoo/wire/internal/wire/wire.go:296.35,298.4 1 2
github.com/almondoo/wire/internal/wire/wire.go:299.3,301.33 2 1
github.com/almondoo/wire/internal/wire/wire.go:301.33,303.4 1 2
github.com/almondoo/wire/internal/wire/wire.go:304.3,304.27 1 1
github.com/almondoo/wire/internal/wire/wire.go:306.2,307.20 2 42
github.com/almondoo/wire/internal/wire/wire.go:311.121,313.16 2 72
github.com/almondoo/wire/internal/wire/wire.go:313.16,316.3 1 0
github.com/almondoo/wire/internal/wire/wire.go:317.2,319.19 3 72
github.com/almondoo/wire/internal/wire/wire.go:319.19,320.46 1 16
github.com/almondoo/wire/internal/wire/wire.go:320.46,321.33 1 22
github.com/almondoo/wire/internal/wire/wire.go:321.33,323.5 1 0
github.com/almondoo/wire/internal/wire/wire.go:324.4,324.87 1 22
github.com/almondoo/wire/internal/wire/wire.go:327.2,334.23 4 56
github.com/almondoo/wire/internal/wire/wire.go:334.23,336.41 2 97
github.com/almondoo/wire/internal/wire/wire.go:336.41,341.4 2 3
github.com/almondoo/wire/internal/wire/wire.go:342.3,342.33 1 97
github.com/almondoo/wire/internal/wire/wire.go:342.33,347.4 2 3
github.com/almondoo/wire/internal/wire/wire.go:348.3,348.26 1 97
github.com/almondoo/wire/internal/wire/wire.go:348.26,349.86 1 14
github.com/almondoo/wire/internal/wire/wire.go:349.86,355.5 2 2
github.com/almondoo/wire/internal/wire/wire.go:356.4,356.35 1 14
github.com/almondoo/wire/internal/wire/wire.go:356.35,359.62 2 14
github.com/almondoo/wire/internal/wire/wire.go:359.62,359.105 1 22
github.com/almondoo/wire/internal/wire/wire.go:360.5,365.7 2 14
github.com/almondoo/wire/internal/wire/wire.go:369.2,369.24 1 56
github.com/almondoo/wire/internal/wire/wire.go:369.24,371.3 1 8
github.com/almondoo/wire/internal/wire/wire.go:374.2,384.26 3 48
github.com/almondoo/wire/internal/wire/wire.go:384.26,386.34 2 12
github.com/almondoo/wire/internal/wire/wire.go:386.34,390.4 3 12
github.com/almondoo/wire/internal/wire/wire.go:391.3,391.15 1 12
github.com/almondoo/wire/internal/wire/wire.go:393.2,393.12 1 48
github.com/almondoo/wire/internal/wire/wire.go:398.72,403.58 3 25
github.com/almondoo/wire/internal/wire/wire.go:403.58,404.34 1 405
github.com/almondoo/wire/internal/wire/wire.go:405.19,408.18 2 90
github.com/almondoo/wire/internal/wire/wire.go:408.18,410.5 1 2
github.com/almondoo/wire/internal/wire/wire.go:411.4,411.98 1 88
github.com/almondoo/wire/internal/wire/wire.go:411.98,419.5 3 1
github.com/almondoo/wire/internal/wire/wire.go:420.4,420.15 1 87
github.com/almondoo/wire/internal/wire/wire.go:421.26,423.11 2 45
github.com/almondoo/wire/internal/wire/wire.go:423.11,425.5 1 7
github.com/almondoo/wire/internal/wire/wire.go:426.4,427.11 2 38
github.com/almondoo/wire/internal/wire/wire.go:427.11,429.5 1 6
github.com/almondoo/wire/internal/wire/wire.go:431.4,437.16 4 32
github.com/almondoo/wire/internal/wire/wire.go:438.11,439.15 1 270
github.com/almondoo/wire/internal/wire/wire.go:444.2,445.36 2 25
github.com/almondoo/wire/internal/wire/wire.go:445.36,446.34 1 24
github.com/almondoo/wire/internal/wire/wire.go:446.34,447.18 1 2
github.com/almondoo/wire/internal/wire/wire.go:447.18,449.5 1 0
github.com/almondoo/wire/internal/wire/wire.go:451.3,451.15 1 24
github.com/almondoo/wire/internal/wire/wire.go:453.2,455.58 3 25
github.com/almondoo/wire/internal/wire/wire.go:455.58,456.51 1 471
github.com/almondoo/wire/internal/wire/wire.go:456.51,458.4 1 0
github.com/almondoo/wire/internal/wire/wire.go:459.3,460.10 2 471
github.com/almondoo/wire/internal/wire/wire.go:460.10,462.4 1 316
github.com/almondoo/wire/internal/wire/wire.go:463.3,464.17 2 155
github.com/almondoo/wire/internal/wire/wire.go:464.17,468.4 1 68
github.com/almondoo/wire/internal/wire/wire.go:469.3,469.33 1 87
github.com/almondoo/wire/internal/wire/wire.go:469.33,473.4 2 1
github.com/almondoo/wire/internal/wire/wire.go:474.3,474.57 1 86
github.com/almondoo/wire/internal/wire/wire.go:474.57,477.4 1 57
github.com/almondoo/wire/internal/wire/wire.go:481.3,482.106 2 29
github.com/almondoo/wire/internal/wire/wire.go:482.106,484.4 1 28
github.com/almondoo/wire/internal/wire/wire.go:485.3,485.56 1 1
github.com/almondoo/wire/internal/wire/wire.go:485.56,486.45 1 2
github.com/almondoo/wire/internal/wire/wire.go:486.45,488.5 1 1
github.com/almondoo/wire/internal/wire/wire.go:489.4,489.27 1 1
github.com/almondoo/wire/internal/wire/wire.go:489.27,493.19 2 0
github.com/almondoo/wire/internal/wire/wire.go:493.19,495.6 1 0
github.com/almondoo/wire/internal/wire/wire.go:497.4,497.16 1 1
github.com/almondoo/wire/internal/wire/wire.go:499.3,501.15 3 1
github.com/almondoo/wire/internal/wire/wire.go:502.34,503.35 1 469
github.com/almondoo/wire/internal/wire/wire.go:503.35,506.4 1 0
github.com/almondoo/wire/internal/wire/wire.go:507.3,507.14 1 469
github.com/almondoo/wire/internal/wire/wire.go:509.2,509.13 1 25
github.com/almondoo/wire/internal/wire/wire.go:514.57,516.65 2 25
github.com/almondoo/wire/internal/wire/wire.go:516.65,517.13 1 0
github.com/almondoo/wire/internal/wire/wire.go:521.64,523.16 2 132
github.com/almondoo/wire/internal/wire/wire.go:523.16,525.3 1 112
github.com/almondoo/wire/internal/wire/wire.go:526.2,526.25 1 20
github.com/almondoo/wire/internal/wire/wire.go:529.55,530.27 1 265
github.com/almondoo/wire/internal/wire/wire.go:530.27,532.3 1 190
github.com/almondoo/wire/internal/wire/wire.go:534.2,536.87 3 75
github.com/almondoo/wire/internal/wire/wire.go:536.87,538.3 1 0
github.com/almondoo/wire/internal/wire/wire.go:539.2,539.43 1 75
github.com/almondoo/wire/internal/wire/wire.go:539.43,541.3 1 47
github.com/almondoo/wire/internal/wire/wire.go:543.2,543.52 1 28
github.com/almondoo/wire/internal/wire/wire.go:543.52,546.3 1 31
github.com/almondoo/wire/internal/wire/wire.go:547.2,551.16 2 28
github.com/almondoo/wire/internal/wire/wire.go:554.49,555.34 1 464
github.com/almondoo/wire/internal/wire/wire.go:555.34,556.25 1 272
github.com/almondoo/wire/internal/wire/wire.go:556.25,558.4 1 5
github.com/almondoo/wire/internal/wire/wire.go:560.2,560.33 1 459
github.com/almondoo/wire/internal/wire/wire.go:560.33,561.20 1 128
github.com/almondoo/wire/internal/wire/wire.go:561.20,563.4 1 0
github.com/almondoo/wire/internal/wire/wire.go:565.2,566.19 2 459
github.com/almondoo/wire/internal/wire/wire.go:569.53,571.2 1 100
github.com/almondoo/wire/internal/wire/wire.go:573.53,575.2 1 881
github.com/almondoo/wire/internal/wire/wire.go:593.124,596.16 3 96
github.com/almondoo/wire/internal/wire/wire.go:596.16,598.13 1 0
github.com/almondoo/wire/internal/wire/wire.go:600.2,600.16 1 96
github.com/almondoo/wire/internal/wire/wire.go:600.16,601.30 1 10
github.com/almondoo/wire/internal/wire/wire.go:601.30,603.4 1 16
github.com/almondoo/wire/internal/wire/wire.go:605.2,606.36 2 96
github.com/almondoo/wire/internal/wire/wire.go:606.36,607.12 1 30
github.com/almondoo/wire/internal/wire/wire.go:607.12,609.4 1 8
github.com/almondoo/wire/internal/wire/wire.go:610.3,612.26 3 30
github.com/almondoo/wire/internal/wire/wire.go:612.26,614.4 1 8
github.com/almondoo/wire/internal/wire/wire.go:614.9,616.4 1 22
github.com/almondoo/wire/internal/wire/wire.go:617.3,618.44 2 30
github.com/almondoo/wire/internal/wire/wire.go:618.44,622.4 1 2
github.com/almondoo/wire/internal/wire/wire.go:622.9,624.4 1 28
github.com/almondoo/wire/internal/wire/wire.go:626.2,627.9 2 96
github.com/almondoo/wire/internal/wire/wire.go:628.42,629.51 1 2
github.com/almondoo/wire/internal/wire/wire.go:630.25,631.44 1 2
github.com/almondoo/wire/internal/wire/wire.go:632.21,633.43 1 8
github.com/almondoo/wire/internal/wire/wire.go:634.10,635.34 1 84
github.com/almondoo/wire/internal/wire/wire.go:637.2,637.23 1 96
github.com/almondoo/wire/internal/wire/wire.go:637.23,641.17 4 176
github.com/almondoo/wire/internal/wire/wire.go:642.23,643.35 1 32
github.com/almondoo/wire/internal/wire/wire.go:644.25,645.44 1 100
github.com/almondoo/wire/internal/wire/wire.go:646.18,647.26 1 24
github.com/almondoo/wire/internal/wire/wire.go:648.21,649.26 1 20
github.com/almondoo/wire/internal/wire/wire.go:650.11,651.25 1 0
github.com/almondoo/wire/internal/wire/wire.go:654.2,654.21 1 96
github.com/almondoo/wire/internal/wire/wire.go:654.21,656.3 1 2
github.com/almondoo/wire/internal/wire/wire.go:656.8,658.3 1 94
github.com/almondoo/wire/internal/wire/wire.go:659.2,659.23 1 96
github.com/almondoo/wire/internal/wire/wire.go:659.23,661.50 2 4
github.com/almondoo/wire/internal/wire/wire.go:661.50,663.4 1 8
github.com/almondoo/wire/internal/wire/wire.go:664.3,664.14 1 4
github.com/almondoo/wire/internal/wire/wire.go:666.2,666.19 1 96
github.com/almondoo/wire/internal/wire/wire.go:666.19,668.3 1 10
github.com/almondoo/wire/internal/wire/wire.go:669.2,669.17 1 96
github.com/almondoo/wire/internal/wire/wire.go:672.91,675.18 3 100
github.com/almondoo/wire/internal/wire/wire.go:675.18,679.3 3 8
github.com/almondoo/wire/internal/wire/wire.go:680.2,680.14 1 100
github.com/almondoo/wire/internal/wire/wire.go:680.14,682.3 1 12
github.com/almondoo/wire/internal/wire/wire.go:683.2,685.27 3 100
github.com/almondoo/wire/internal/wire/wire.go:685.27,686.12 1 62
github.com/almondoo/wire/internal/wire/wire.go:686.12,688.4 1 16
github.com/almondoo/wire/internal/wire/wire.go:689.3,689.29 1 62
github.com/almondoo/wire/internal/wire/wire.go:689.29,691.4 1 14
github.com/almondoo/wire/internal/wire/wire.go:691.9,693.4 1 48
github.com/almondoo/wire/internal/wire/wire.go:695.2,695.15 1 100
github.com/almondoo/wire/internal/wire/wire.go:695.15,697.3 1 2
github.com/almondoo/wire/internal/wire/wire.go:698.2,699.14 2 100
github.com/almondoo/wire/internal/wire/wire.go:699.14,701.41 2 12
github.com/almondoo/wire/internal/wire/wire.go:701.41,703.4 1 6
github.com/almondoo/wire/internal/wire/wire.go:704.3,705.24 2 12
github.com/almondoo/wire/internal/wire/wire.go:705.24,707.4 1 4
github.com/almondoo/wire/internal/wire/wire.go:709.3,710.16 2 12
github.com/almondoo/wire/internal/wire/wire.go:714.66,717.41 3 32
github.com/almondoo/wire/internal/wire/wire.go:717.41,719.3 1 20
github.com/almondoo/wire/internal/wire/wire.go:720.2,721.27 2 32
github.com/almondoo/wire/internal/wire/wire.go:721.27,723.29 2 40
github.com/almondoo/wire/internal/wire/wire.go:723.29,725.4 1 2
github.com/almondoo/wire/internal/wire/wire.go:725.9,727.4 1 38
github.com/almondoo/wire/internal/wire/wire.go:728.3,728.14 1 40
github.com/almondoo/wire/internal/wire/wire.go:730.2,730.15 1 32
github.com/almondoo/wire/internal/wire/wire.go:733.57,735.2 1 24
github.com/almondoo/wire/internal/wire/wire.go:737.57,740.18 3 20
github.com/almondoo/wire/internal/wire/wire.go:740.18,742.3 1 2
github.com/almondoo/wire/internal/wire/wire.go:743.2,743.28 1 20
github.com/almondoo/wire/internal/wire/wire.go:743.28,745.3 1 10
github.com/almondoo/wire/internal/wire/wire.go:745.8,747.3 1 10
github.com/almondoo/wire/internal/wire/wire.go:752.57,753.23 1 329
github.com/almondoo/wire/internal/wire/wire.go:753.23,755.3 1 4
github.com/almondoo/wire/internal/wire/wire.go:756.2,756.34 1 325
github.com/almondoo/wire/internal/wire/wire.go:756.34,757.16 1 100
github.com/almondoo/wire/internal/wire/wire.go:757.16,759.4 1 4
github.com/almondoo/wire/internal/wire/wire.go:761.2,761.34 1 321
github.com/almondoo/wire/internal/wire/wire.go:761.34,762.16 1 251
github.com/almondoo/wire/internal/wire/wire.go:762.16,764.4 1 20
github.com/almondoo/wire/internal/wire/wire.go:766.2,766.36 1 301
github.com/almondoo/wire/internal/wire/wire.go:766.36,767.16 1 16
github.com/almondoo/wire/internal/wire/wire.go:767.16,769.4 1 4
github.com/almondoo/wire/internal/wire/wire.go:771.2,771.35 1 297
github.com/almondoo/wire/internal/wire/wire.go:774.62,775.16 1 1356
github.com/almondoo/wire/internal/wire/wire.go:775.16,777.3 1 678
github.com/almondoo/wire/internal/wire/wire.go:778.2,778.25 1 678
github.com/almondoo/wire/internal/wire/wire.go:783.57,784.36 1 12
github.com/almondoo/wire/internal/wire/wire.go:785.35,786.40 1 6
github.com/almondoo/wire/internal/wire/wire.go:787.20,789.10 2 6
github.com/almondoo/wire/internal/wire/wire.go:790.34,791.18 1 0
github.com/almondoo/wire/internal/wire/wire.go:792.66,793.14 1 6
github.com/almondoo/wire/internal/wire/wire.go:794.33,795.15 1 0
github.com/almondoo/wire/internal/wire/wire.go:796.11,797.24 1 0
github.com/almondoo/wire/internal/wire/wire.go:799.97,800.15 1 0
github.com/almondoo/wire/internal/wire/wire.go:801.10,802.23 1 0
github.com/almondoo/wire/internal/wire/wire.go:813.123,814.37 1 213
github.com/almondoo/wire/internal/wire/wire.go:814.37,816.3 1 86
github.com/almondoo/wire/internal/wire/wire.go:817.2,818.23 2 213
github.com/almondoo/wire/internal/wire/wire.go:819.20,820.21 1 35
github.com/almondoo/wire/internal/wire/wire.go:820.21,822.4 1 35
github.com/almondoo/wire/internal/wire/wire.go:823.20,825.37 2 176
github.com/almondoo/wire/internal/wire/wire.go:825.37,827.4 1 173
github.com/almondoo/wire/internal/wire/wire.go:830.3,830.55 1 176
github.com/almondoo/wire/internal/wire/wire.go:830.55,832.4 1 169
github.com/almondoo/wire/internal/wire/wire.go:836.2,836.21 1 213
github.com/almondoo/wire/internal/wire/wire.go:836.21,838.3 1 5
github.com/almondoo/wire/internal/wire/wire.go:841.2,841.29 1 213
github.com/almondoo/wire/internal/wire/wire.go:841.29,843.3 1 382
github.com/almondoo/wire/internal/wire/wire.go:846.2,846.29 1 213
github.com/almondoo/wire/internal/wire/wire.go:846.29,847.57 1 270
github.com/almondoo/wire/internal/wire/wire.go:847.57,849.4 1 181
github.com/almondoo/wire/internal/wire/wire.go:852.2,852.41 1 32
github.com/almondoo/wire/internal/wire/wire.go:856.35,857.16 1 357
github.com/almondoo/wire/internal/wire/wire.go:857.16,859.3 1 1
github.com/almondoo/wire/internal/wire/wire.go:860.2,861.25 2 356
github.com/almondoo/wire/internal/wire/wire.go:861.25,864.3 1 211
github.com/almondoo/wire/internal/wire/wire.go:865.2,866.26 2 145
github.com/almondoo/wire/internal/wire/wire.go:866.26,869.3 1 137
github.com/almondoo/wire/internal/wire/wire.go:871.2,875.35 5 8
github.com/almondoo/wire/internal/wire/wire.go:875.35,877.37 2 17
github.com/almondoo/wire/internal/wire/wire.go:877.37,878.9 1 3
github.com/almondoo/wire/internal/wire/wire.go:880.3,882.18 3 14
github.com/almondoo/wire/internal/wire/wire.go:884.2,885.22 2 8
github.com/almondoo/wire/internal/wire/wire.go:889.33,890.16 1 39
github.com/almondoo/wire/internal/wire/wire.go:890.16,892.3 1 1
github.com/almondoo/wire/internal/wire/wire.go:893.2,894.24 2 38
github.com/almondoo/wire/internal/wire/wire.go:894.24,897.3 1 18
github.com/almondoo/wire/internal/wire/wire.go:899.2,902.22 4 20
github.com/almondoo/wire/internal/wire/wire.go:907.67,908.56 1 195
github.com/almondoo/wire/internal/wire/wire.go:908.56,910.3 1 141
github.com/almondoo/wire/internal/wire/wire.go:911.2,912.70 2 54
github.com/almondoo/wire/internal/wire/wire.go:912.70,914.3 1 2
github.com/almondoo/wire/internal/wire/wire.go:915.2,916.20 2 54
github.com/almondoo/wire/internal/wire/wire.go:916.20,919.57 3 57
github.com/almondoo/wire/internal/wire/wire.go:919.57,921.4 1 54
github.com/almondoo/wire/internal/wire/wire.go:927.76,929.45 2 14
github.com/almondoo/wire/internal/wire/wire.go:929.45,930.27 1 103
github.com/almondoo/wire/internal/wire/wire.go:930.27,932.4 1 2
github.com/almondoo/wire/internal/wire/wire.go:933.3,934.10 2 101
github.com/almondoo/wire/internal/wire/wire.go:934.10,936.4 1 78
github.com/almondoo/wire/internal/wire/wire.go:937.3,938.40 2 23
github.com/almondoo/wire/internal/wire/wire.go:938.40,941.4 1 6
github.com/almondoo/wire/internal/wire/wire.go:942.3,942.35 1 17
github.com/almondoo/wire/internal/wire/wire.go:942.35,943.60 1 17
github.com/almondoo/wire/internal/wire/wire.go:943.60,946.5 2 1
github.com/almondoo/wire/internal/wire/wire.go:947.4,947.58 1 16
github.com/almondoo/wire/internal/wire/wire.go:947.58,950.5 2 1
github.com/almondoo/wire/internal/wire/wire.go:952.3,952.14 1 15
github.com/almondoo/wire/internal/wire/wire.go:954.2,954.22 1 14
